
ROM used: 217 (3%)
          217 (3%) including unused fragments

          0 Average locations per line
          2 Average locations per statement

RAM used: 8 (2%) at main() level
          8 (2%) worst case

Stack used: 2 worst case (out of 8 total available)

Lines Stmts  %   Files
----- ----- ---  -----
  176   121 100  lab2.c
  411     0   0  C:\Program Files (x86)\PICC\devices\16F887.h
  212     0   0  C:\Program Files (x86)\PICC\drivers\luutinh.h
----- -----
  799   121 Total

Page ROM  %  RAM   Vol Diff  Functions:
---- --- --- ---   --- ----  ----------
0     21  10   1             @delay_ms1
0     19   9   1   293  2.3  Button1
0     16   7   1   149  2.2  Button2
0    105  48   1  2410  3.5  Button_3
0     52  24   1   242  2.7  MAIN

Program metrics:
    Functions               4
    Statements              121
    Comments                112
    Volume (V)              3738
    Difficilty (D)          11.0
    Effort to implement (E) 41246
    Time to implement (T)   38 minutes
    Est Delivered Bugs (B)  0
    Cyclomatic Complexity   10
    Maintainability (MI)    127

 Segment     Used  Free
-----------  ----  ----
00000-00003     4  0  
00004-007FF   213  1831  
00800-00FFF     0  2048  
01000-017FF     0  2048  
01800-01FFF     0  2048  



